<?xml version="1.0" encoding="UTF-8"?>
<!-- Generated by org.testng.reporters.JUnitXMLReporter -->
<testsuite ignored="0" hostname="LAPTOP-D4RH5SI9" failures="0" tests="4" name="Edge" time="2.079" errors="0" timestamp="2023-12-03T12:28:37 GMT+05:30">
  <testcase classname="TestNG.DataProviderExcel" name="test" time="0.0">
    <skipped/>
  </testcase> <!-- test -->
  <testcase classname="TestNG.DataProviderExcel" name="test" time="0.001">
    <skipped/>
  </testcase> <!-- test -->
  <testcase classname="TestNG.DataProviderExcel" name="test" time="0.002">
    <skipped/>
  </testcase> <!-- test -->
  <testcase classname="TestNG.DataProviderExcel" name="test" time="0.0">
    <skipped/>
  </testcase> <!-- test -->
</testsuite> <!-- Edge -->
