<?xml version="1.0" encoding="UTF-8"?>
<!-- Generated by org.testng.reporters.JUnitXMLReporter -->
<testsuite ignored="0" hostname="LAPTOP-D4RH5SI9" failures="0" tests="3" name="Test 2" time="2.464" errors="0" timestamp="2023-12-03T12:07:24 GMT+05:30">
  <testcase classname="TestNG.InvocationCount" name="testA" time="0.003"/>
  <testcase classname="TestNG.InvocationCount" name="testA" time="0.002"/>
  <testcase classname="TestNG.InvocationCount" name="testA" time="0.004"/>
</testsuite> <!-- Test 2 -->
