<?xml version="1.0" encoding="UTF-8"?>
<!-- Generated by org.testng.reporters.JUnitXMLReporter -->
<testsuite ignored="0" hostname="LAPTOP-D4RH5SI9" failures="1" tests="6" name="Test" time="30.564" errors="0" timestamp="2023-12-03T14:08:40 GMT+05:30">
  <testcase classname="TestNG.DependsOnMethods" name="testA" time="0.034">
    <skipped/>
  </testcase> <!-- testA -->
  <testcase classname="TestNG.DependsOnMethods" name="testA" time="0.002">
    <skipped/>
  </testcase> <!-- testA -->
  <testcase classname="TestNG.DependsOnMethods" name="testA" time="0.003">
    <skipped/>
  </testcase> <!-- testA -->
  <testcase classname="TestNG.DependsOnMethods" name="testA" time="0.006">
    <failure type="java.lang.AssertionError" message="null">
      <![CDATA[java.lang.AssertionError: null
at TestNG.DependsOnMethods.testA(DependsOnMethods.java:13)
at java.base/java.util.ArrayList.forEach(ArrayList.java:1511)
... Removed 29 stack frames]]>
    </failure>
  </testcase> <!-- testA -->
  <testcase classname="TestNG.DependsOnMethods" name="testC" time="0.004">
    <skipped/>
  </testcase> <!-- testC -->
  <testcase classname="TestNG.DependsOnMethods" name="testB" time="0.0">
    <skipped/>
  </testcase> <!-- testB -->
</testsuite> <!-- Test -->
