<?xml version="1.0" encoding="UTF-8"?>
<!-- Generated by org.testng.reporters.JUnitXMLReporter -->
<testsuite ignored="0" hostname="LAPTOP-D4RH5SI9" failures="0" tests="4" name="Test 1" time="5.873" errors="0" timestamp="2023-12-03T12:07:22 GMT+05:30">
  <testcase classname="TestNG.DataProviderExcel" name="test" time="0.008"/>
  <testcase classname="TestNG.DataProviderExcel" name="test" time="0.003"/>
  <testcase classname="TestNG.DataProviderExcel" name="test" time="0.005"/>
  <testcase classname="TestNG.DataProviderExcel" name="test" time="0.002"/>
</testsuite> <!-- Test 1 -->
