<?xml version="1.0" encoding="UTF-8"?>
<testng-results ignored="0" total="1" passed="1" failed="0" skipped="0">
  <reporter-output>
  </reporter-output>
  <suite started-at="2023-12-22T16:16:47 GMT+05:30" name="Default suite" finished-at="2023-12-22T16:17:26 GMT+05:30" duration-ms="38352">
    <groups>
    </groups>
    <test started-at="2023-12-22T16:16:47 GMT+05:30" name="Default test" finished-at="2023-12-22T16:17:26 GMT+05:30" duration-ms="38352">
      <class name="Mock.phonesBelowPrice">
        <test-method signature="test()[pri:0, instance:Mock.phonesBelowPrice@3023df74]" started-at="2023-12-22T16:16:48 GMT+05:30" name="test" finished-at="2023-12-22T16:17:26 GMT+05:30" duration-ms="38170" status="PASS">
          <reporter-output>
          </reporter-output>
        </test-method> <!-- test -->
      </class> <!-- Mock.phonesBelowPrice -->
    </test> <!-- Default test -->
  </suite> <!-- Default suite -->
</testng-results>
